<?xml version="1.0" encoding="UTF-8"?>
<testng-results ignored="0" total="2" passed="2" failed="0" skipped="0">
  <reporter-output>
  </reporter-output>
  <suite started-at="2024-12-12T11:24:49 IST" name="Default suite" finished-at="2024-12-12T11:24:52 IST" duration-ms="3109">
    <groups>
    </groups>
    <test started-at="2024-12-12T11:24:49 IST" name="Default test" finished-at="2024-12-12T11:24:52 IST" duration-ms="3109">
      <class name="RestAssured.PutPatchDelete2">
        <test-method signature="patch()[pri:0, instance:RestAssured.PutPatchDelete2@3a93b025]" started-at="2024-12-12T11:24:49 IST" name="patch" finished-at="2024-12-12T11:24:51 IST" duration-ms="2474" status="PASS">
          <reporter-output>
          </reporter-output>
        </test-method> <!-- patch -->
        <test-method signature="delete()[pri:0, instance:RestAssured.PutPatchDelete2@3a93b025]" started-at="2024-12-12T11:24:51 IST" name="delete" finished-at="2024-12-12T11:24:52 IST" depends-on-methods="RestAssured.PutPatchDelete2.patch" duration-ms="585" status="PASS">
          <reporter-output>
          </reporter-output>
        </test-method> <!-- delete -->
      </class> <!-- RestAssured.PutPatchDelete2 -->
    </test> <!-- Default test -->
  </suite> <!-- Default suite -->
</testng-results>
