<?xml version="1.0" encoding="UTF-8"?>
<testng-results ignored="0" total="1" passed="1" failed="0" skipped="0">
  <reporter-output>
  </reporter-output>
  <suite started-at="2024-12-06T13:09:08 IST" name="Default suite" finished-at="2024-12-06T13:09:10 IST" duration-ms="2286">
    <groups>
    </groups>
    <test started-at="2024-12-06T13:09:08 IST" name="Default test" finished-at="2024-12-06T13:09:10 IST" duration-ms="2286">
      <class name="RestAssured.PutPatchDelete">
        <test-method signature="delete()[pri:0, instance:RestAssured.PutPatchDelete@7e07db1f]" started-at="2024-12-06T13:09:08 IST" name="delete" finished-at="2024-12-06T13:09:10 IST" duration-ms="2245" status="PASS">
          <reporter-output>
          </reporter-output>
        </test-method> <!-- delete -->
      </class> <!-- RestAssured.PutPatchDelete -->
    </test> <!-- Default test -->
  </suite> <!-- Default suite -->
</testng-results>
